{
  "stats": {
    "suites": 1,
    "tests": 15,
    "passes": 15,
    "pending": 0,
    "failures": 0,
    "start": "2024-03-10T11:02:27.605Z",
    "end": "2024-03-10T11:03:03.351Z",
    "duration": 35746,
    "testsRegistered": 15,
    "passPercent": 100,
    "pendingPercent": 0,
    "other": 0,
    "hasOther": false,
    "skipped": 0,
    "hasSkipped": false
  },
  "results": [
    {
      "uuid": "24bf35b9-2705-4fea-b2c2-29e0c138c394",
      "title": "",
      "fullFile": "cypress/integration/quidax/Alerts.js",
      "file": "cypress/integration/quidax/Alerts.js",
      "beforeHooks": [],
      "afterHooks": [],
      "tests": [],
      "suites": [
        {
          "uuid": "72f71234-da78-435b-8b59-c8c1af6e1a98",
          "title": "Alerts and Modals",
          "fullFile": "",
          "file": "",
          "beforeHooks": [],
          "afterHooks": [],
          "tests": [
            {
              "title": "Bootstrap Alert Messages: AM_001: Verify Autocloseable Success alert message pops up with text  ' I'm an autocloseable success message. I will hide in 5 seconds.' when clicked, and disappears automatically after 5 seconds ",
              "fullTitle": "Alerts and Modals Bootstrap Alert Messages: AM_001: Verify Autocloseable Success alert message pops up with text  ' I'm an autocloseable success message. I will hide in 5 seconds.' when clicked, and disappears automatically after 5 seconds ",
              "timedOut": null,
              "duration": 10026,
              "state": "passed",
              "speed": "slow",
              "pass": true,
              "fail": false,
              "pending": false,
              "context": null,
              "code": "landingPage.home();\nlandingPage.expandAlertsAndModal().click();\nlandingPage.openBootstrapAlert().click();\nbootstrapAlertsPage.autocloseableSuccessMessageButton().click();\nbootstrapAlertsPage.autocloseableSuccessAlert().invoke(\"text\").should(\"include\", \"I'm an autocloseable success  message. I will hide in 5 seconds.\");\ncy.wait(5000);\nbootstrapAlertsPage.autoCloseableSuccessAlertGone().should('not.exist');",
              "err": {},
              "uuid": "78f7c071-a2e9-4af2-8d67-6262ece7211c",
              "parentUUID": "72f71234-da78-435b-8b59-c8c1af6e1a98",
              "isHook": false,
              "skipped": false
            },
            {
              "title": "Bootstrap Alert Messages: AM_002: Verify auto closeable success alert button is disabled when alert is displayed",
              "fullTitle": "Alerts and Modals Bootstrap Alert Messages: AM_002: Verify auto closeable success alert button is disabled when alert is displayed",
              "timedOut": null,
              "duration": 2096,
              "state": "passed",
              "speed": "fast",
              "pass": true,
              "fail": false,
              "pending": false,
              "context": null,
              "code": "landingPage.home();\nlandingPage.expandAlertsAndModal().click();\nlandingPage.openBootstrapAlert().click();\nbootstrapAlertsPage.autocloseableSuccessMessageButton().click();\nbootstrapAlertsPage.autocloseableSuccessAlert().invoke(\"text\").should(\"include\", \"I'm an autocloseable success  message. I will hide in 5 seconds.\");\nbootstrapAlertsPage.autocloseableSuccessMessageButton().should('have.attr', 'disabled');",
              "err": {},
              "uuid": "34c54697-5891-4848-95a6-f19970c8eca2",
              "parentUUID": "72f71234-da78-435b-8b59-c8c1af6e1a98",
              "isHook": false,
              "skipped": false
            },
            {
              "title": "Bootstrap Alert Messages: AM_003: Verify Normal success message pops up with text 'I'm a normal success message. To close use the appropriate button.' when clicked,",
              "fullTitle": "Alerts and Modals Bootstrap Alert Messages: AM_003: Verify Normal success message pops up with text 'I'm a normal success message. To close use the appropriate button.' when clicked,",
              "timedOut": null,
              "duration": 1841,
              "state": "passed",
              "speed": "fast",
              "pass": true,
              "fail": false,
              "pending": false,
              "context": null,
              "code": "landingPage.home();\nlandingPage.expandAlertsAndModal().click();\nlandingPage.openBootstrapAlert().click();\nbootstrapAlertsPage.normalSuccessMessageButton().click();\nbootstrapAlertsPage.normalSuccessAlert().invoke(\"text\").should(\"include\", \"I'm a normal success message. To close use  the appropriate button.\");",
              "err": {},
              "uuid": "bd07c0c0-260e-4ff6-b126-1cad4d393af4",
              "parentUUID": "72f71234-da78-435b-8b59-c8c1af6e1a98",
              "isHook": false,
              "skipped": false
            },
            {
              "title": "Bootstrap Alert Messages: AM_004: Verify Normal success message closes only when user clicks the close button",
              "fullTitle": "Alerts and Modals Bootstrap Alert Messages: AM_004: Verify Normal success message closes only when user clicks the close button",
              "timedOut": null,
              "duration": 1409,
              "state": "passed",
              "speed": "fast",
              "pass": true,
              "fail": false,
              "pending": false,
              "context": null,
              "code": "landingPage.home();\nlandingPage.expandAlertsAndModal().click();\nlandingPage.openBootstrapAlert().click();\nbootstrapAlertsPage.normalSuccessMessageButton().click();\nbootstrapAlertsPage.normalSuccessAlert().invoke(\"text\").should(\"include\", \"I'm a normal success message. To close use  the appropriate button.\");\nbootstrapAlertsPage.normalSuccessAlertCloseButton().click();\nbootstrapAlertsPage.normalSuccessAlertGone().should(\"not.exist\");",
              "err": {},
              "uuid": "04e2f1db-3b6d-499c-b2dd-68d82609c805",
              "parentUUID": "72f71234-da78-435b-8b59-c8c1af6e1a98",
              "isHook": false,
              "skipped": false
            },
            {
              "title": "Bootstrap Alert Messages: AM_005: Verify success message alert is displayed in green colour",
              "fullTitle": "Alerts and Modals Bootstrap Alert Messages: AM_005: Verify success message alert is displayed in green colour",
              "timedOut": null,
              "duration": 1227,
              "state": "passed",
              "speed": "fast",
              "pass": true,
              "fail": false,
              "pending": false,
              "context": null,
              "code": "landingPage.home();\nlandingPage.expandAlertsAndModal().click();\nlandingPage.openBootstrapAlert().click();\nbootstrapAlertsPage.normalSuccessMessageButton().click();\nbootstrapAlertsPage.normalSuccessAlert().should('have.css', 'color', 'rgb(60, 118, 61)');",
              "err": {},
              "uuid": "87b6f140-c962-4f44-bb11-cd72c816fdf3",
              "parentUUID": "72f71234-da78-435b-8b59-c8c1af6e1a98",
              "isHook": false,
              "skipped": false
            },
            {
              "title": "Bootstrap Alert Messages: AM_006: Verify  Autocloseable warning alert message pops up with text 'I'm an autocloseable warning message. I will hide in 3 seconds.'",
              "fullTitle": "Alerts and Modals Bootstrap Alert Messages: AM_006: Verify  Autocloseable warning alert message pops up with text 'I'm an autocloseable warning message. I will hide in 3 seconds.'",
              "timedOut": null,
              "duration": 1234,
              "state": "passed",
              "speed": "fast",
              "pass": true,
              "fail": false,
              "pending": false,
              "context": null,
              "code": "landingPage.home();\nlandingPage.expandAlertsAndModal().click();\nlandingPage.openBootstrapAlert().click();\nbootstrapAlertsPage.autocloseableWarningMessageButton().click();\nbootstrapAlertsPage.autocloseableWarningAlert().invoke(\"text\").should(\"include\", \"I'm an autocloseable warning message. I will hide in 3 seconds.\");",
              "err": {},
              "uuid": "db65fc31-9710-4891-a63e-fc8867c20341",
              "parentUUID": "72f71234-da78-435b-8b59-c8c1af6e1a98",
              "isHook": false,
              "skipped": false
            },
            {
              "title": "Bootstrap Alert Messages: AM_007: Verify Normal warning alert message pops up with text  'I'm a normal warning message. To close use the appropriate button.' when clicked,",
              "fullTitle": "Alerts and Modals Bootstrap Alert Messages: AM_007: Verify Normal warning alert message pops up with text  'I'm a normal warning message. To close use the appropriate button.' when clicked,",
              "timedOut": null,
              "duration": 949,
              "state": "passed",
              "speed": "fast",
              "pass": true,
              "fail": false,
              "pending": false,
              "context": null,
              "code": "landingPage.home();\nlandingPage.expandAlertsAndModal().click();\nlandingPage.openBootstrapAlert().click();\nbootstrapAlertsPage.normalWarningButton().click();\nbootstrapAlertsPage.normalWarningAlert().invoke(\"text\").should(\"include\", \"I'm a normal warning message. To close use  the appropriate button\");",
              "err": {},
              "uuid": "2c3dd083-2d1c-4d2f-921a-e28bad41a7d4",
              "parentUUID": "72f71234-da78-435b-8b59-c8c1af6e1a98",
              "isHook": false,
              "skipped": false
            },
            {
              "title": "Bootstrap Alert Messages: AM_008: Verify Normal warning message closes only when user clicks the close button",
              "fullTitle": "Alerts and Modals Bootstrap Alert Messages: AM_008: Verify Normal warning message closes only when user clicks the close button",
              "timedOut": null,
              "duration": 1019,
              "state": "passed",
              "speed": "fast",
              "pass": true,
              "fail": false,
              "pending": false,
              "context": null,
              "code": "landingPage.home();\nlandingPage.expandAlertsAndModal().click();\nlandingPage.openBootstrapAlert().click();\nbootstrapAlertsPage.normalWarningButton().click();\nbootstrapAlertsPage.normalWarningAlertCloseButton().click();\nbootstrapAlertsPage.normalWarningAlertGone().should(\"not.exist\");",
              "err": {},
              "uuid": "e76bec61-8ec0-4cfc-8968-86e773aaf573",
              "parentUUID": "72f71234-da78-435b-8b59-c8c1af6e1a98",
              "isHook": false,
              "skipped": false
            },
            {
              "title": "Bootstrap Alert Messages: AM_009: Verify warning message alert is displayed in yellow colour",
              "fullTitle": "Alerts and Modals Bootstrap Alert Messages: AM_009: Verify warning message alert is displayed in yellow colour",
              "timedOut": null,
              "duration": 2078,
              "state": "passed",
              "speed": "fast",
              "pass": true,
              "fail": false,
              "pending": false,
              "context": null,
              "code": "landingPage.home();\nlandingPage.expandAlertsAndModal().click();\nlandingPage.openBootstrapAlert().click();\nbootstrapAlertsPage.normalWarningButton().click();\nbootstrapAlertsPage.normalWarningAlert().should('have.css', 'color', 'rgb(138, 109, 59)');",
              "err": {},
              "uuid": "2bc3b15e-b667-4650-95d1-3cd3b68284a6",
              "parentUUID": "72f71234-da78-435b-8b59-c8c1af6e1a98",
              "isHook": false,
              "skipped": false
            },
            {
              "title": "Single Modal Example: AM_020: Verify the launch modal button is responsive, and displays the text 'This is the place where the content for the modal dialog displays'",
              "fullTitle": "Alerts and Modals Single Modal Example: AM_020: Verify the launch modal button is responsive, and displays the text 'This is the place where the content for the modal dialog displays'",
              "timedOut": null,
              "duration": 1834,
              "state": "passed",
              "speed": "fast",
              "pass": true,
              "fail": false,
              "pending": false,
              "context": null,
              "code": "landingPage.home();\nlandingPage.expandAlertsAndModal().click();\nlandingPage.openBootstrapModal().click();\nbootstrapModalsPage.singleLaunchModalButton().click();\nbootstrapModalsPage.singleLaunchedModal().invoke(\"text\").should(\"include\", \"This is the place where the content for the modal dialog displays\");",
              "err": {},
              "uuid": "34645630-94ef-4ee8-8bd9-b820c60ae0c1",
              "parentUUID": "72f71234-da78-435b-8b59-c8c1af6e1a98",
              "isHook": false,
              "skipped": false
            },
            {
              "title": "Single Modal Example: AM_021: Verify the launched modal closes only when the save or close button is clicked",
              "fullTitle": "Alerts and Modals Single Modal Example: AM_021: Verify the launched modal closes only when the save or close button is clicked",
              "timedOut": null,
              "duration": 1748,
              "state": "passed",
              "speed": "fast",
              "pass": true,
              "fail": false,
              "pending": false,
              "context": null,
              "code": "landingPage.home();\nlandingPage.expandAlertsAndModal().click();\nlandingPage.openBootstrapModal().click();\nbootstrapModalsPage.singleLaunchModalButton().click();\nbootstrapModalsPage.singleLauchedModalCloseButton().click();\nbootstrapModalsPage.singleLaunchModalButton().click();\nbootstrapModalsPage.singleLauchedModalSaveButton().click();\nbootstrapModalsPage.bootstrapModalPageHeading().invoke(\"text\").should(\"eq\", \"Bootstrap Modal Example for Automation\");",
              "err": {},
              "uuid": "60314245-78b4-421d-808f-032436343dc6",
              "parentUUID": "72f71234-da78-435b-8b59-c8c1af6e1a98",
              "isHook": false,
              "skipped": false
            },
            {
              "title": "Multiple Modal Example: AM_022: Verify the launch modal button is responsive, and the text in the first modal includes 'Click launch modal button to launch second modal.'",
              "fullTitle": "Alerts and Modals Multiple Modal Example: AM_022: Verify the launch modal button is responsive, and the text in the first modal includes 'Click launch modal button to launch second modal.'",
              "timedOut": null,
              "duration": 2019,
              "state": "passed",
              "speed": "fast",
              "pass": true,
              "fail": false,
              "pending": false,
              "context": null,
              "code": "landingPage.home();\nlandingPage.expandAlertsAndModal().click();\nlandingPage.openBootstrapModal().click();\nbootstrapModalsPage.multipleLaunchModalButton().click();\nbootstrapModalsPage.multipleLaunchedModal().invoke(\"text\").should(\"include\", \"Click launch modal button to launch second modal.\");",
              "err": {},
              "uuid": "974c1d0d-b483-4bd0-bc82-fea49dd18b51",
              "parentUUID": "72f71234-da78-435b-8b59-c8c1af6e1a98",
              "isHook": false,
              "skipped": false
            },
            {
              "title": "Multiple Modal Example: AM_023: Verify the first modal closes only when the save or close button is clicked",
              "fullTitle": "Alerts and Modals Multiple Modal Example: AM_023: Verify the first modal closes only when the save or close button is clicked",
              "timedOut": null,
              "duration": 1771,
              "state": "passed",
              "speed": "fast",
              "pass": true,
              "fail": false,
              "pending": false,
              "context": null,
              "code": "landingPage.home();\nlandingPage.expandAlertsAndModal().click();\nlandingPage.openBootstrapModal().click();\nbootstrapModalsPage.multipleLaunchModalButton().click();\nbootstrapModalsPage.multipleLaunchedModalFirstModalCloseButton().click({\n  force: true\n});\nbootstrapModalsPage.multipleLaunchModalButton().click({\n  force: true\n});\nbootstrapModalsPage.multipleLaunchedModalFirstSaveButton().click({\n  force: true\n});\nbootstrapModalsPage.bootstrapModalPageHeading().invoke(\"text\").should(\"include\", \"Bootstrap Modal Example for Automation\");",
              "err": {},
              "uuid": "085c1914-a37f-4538-9b29-6eb61a1bebb1",
              "parentUUID": "72f71234-da78-435b-8b59-c8c1af6e1a98",
              "isHook": false,
              "skipped": false
            },
            {
              "title": "Multiple Modal Example: AM_024:  Verify the second modal displays text 'Modal 2'",
              "fullTitle": "Alerts and Modals Multiple Modal Example: AM_024:  Verify the second modal displays text 'Modal 2'",
              "timedOut": null,
              "duration": 1908,
              "state": "passed",
              "speed": "fast",
              "pass": true,
              "fail": false,
              "pending": false,
              "context": null,
              "code": "landingPage.home();\nlandingPage.expandAlertsAndModal().click();\nlandingPage.openBootstrapModal().click();\nbootstrapModalsPage.multipleLaunchModalButton().click();\nbootstrapModalsPage.multipleLaunchedModalSecondLaunchButton().click();\nbootstrapModalsPage.multipleModalSecondCardTitle().invoke(\"text\").should(\"eq\", \"Modal 2\");",
              "err": {},
              "uuid": "ca786151-b581-49aa-9bd1-f4cb5b771cf5",
              "parentUUID": "72f71234-da78-435b-8b59-c8c1af6e1a98",
              "isHook": false,
              "skipped": false
            },
            {
              "title": "Multiple Modal Example: AM_025: Verify the second modal closes only when the save or close button is clicked",
              "fullTitle": "Alerts and Modals Multiple Modal Example: AM_025: Verify the second modal closes only when the save or close button is clicked",
              "timedOut": null,
              "duration": 2269,
              "state": "passed",
              "speed": "fast",
              "pass": true,
              "fail": false,
              "pending": false,
              "context": null,
              "code": "landingPage.home();\nlandingPage.expandAlertsAndModal().click();\nlandingPage.openBootstrapModal().click();\nbootstrapModalsPage.multipleLaunchModalButton().click();\nbootstrapModalsPage.multipleLaunchedModalSecondLaunchButton().click();\nbootstrapModalsPage.multipleLaunchedModalSecondCardCloseButton().click();\nbootstrapModalsPage.multipleLaunchedModalSecondLaunchButton().click();\nbootstrapModalsPage.multipleLauchedModalSecondCardSaveButton().click();\nbootstrapModalsPage.bootstrapModalPageHeading().invoke(\"text\").should(\"include\", \"Bootstrap Modal Example for Automation\");",
              "err": {},
              "uuid": "f59b21f7-2e21-4e29-84b0-2eef44457fed",
              "parentUUID": "72f71234-da78-435b-8b59-c8c1af6e1a98",
              "isHook": false,
              "skipped": false
            }
          ],
          "suites": [],
          "passes": [
            "78f7c071-a2e9-4af2-8d67-6262ece7211c",
            "34c54697-5891-4848-95a6-f19970c8eca2",
            "bd07c0c0-260e-4ff6-b126-1cad4d393af4",
            "04e2f1db-3b6d-499c-b2dd-68d82609c805",
            "87b6f140-c962-4f44-bb11-cd72c816fdf3",
            "db65fc31-9710-4891-a63e-fc8867c20341",
            "2c3dd083-2d1c-4d2f-921a-e28bad41a7d4",
            "e76bec61-8ec0-4cfc-8968-86e773aaf573",
            "2bc3b15e-b667-4650-95d1-3cd3b68284a6",
            "34645630-94ef-4ee8-8bd9-b820c60ae0c1",
            "60314245-78b4-421d-808f-032436343dc6",
            "974c1d0d-b483-4bd0-bc82-fea49dd18b51",
            "085c1914-a37f-4538-9b29-6eb61a1bebb1",
            "ca786151-b581-49aa-9bd1-f4cb5b771cf5",
            "f59b21f7-2e21-4e29-84b0-2eef44457fed"
          ],
          "failures": [],
          "pending": [],
          "skipped": [],
          "duration": 33428,
          "root": false,
          "rootEmpty": false,
          "_timeout": 2000
        }
      ],
      "passes": [],
      "failures": [],
      "pending": [],
      "skipped": [],
      "duration": 0,
      "root": true,
      "rootEmpty": true,
      "_timeout": 2000
    }
  ],
  "meta": {
    "mocha": {
      "version": "7.0.1"
    },
    "mochawesome": {
      "options": {
        "quiet": false,
        "reportFilename": "mochawesome",
        "saveHtml": false,
        "saveJson": true,
        "consoleReporter": "spec",
        "useInlineDiffs": false,
        "code": true
      },
      "version": "7.1.3"
    },
    "marge": {
      "options": {
        "overwrite": false,
        "html": false,
        "json": true,
        "reportDir": "cypress/reports/html/.jsons"
      },
      "version": "6.2.0"
    }
  }
}