{
  "stats": {
    "suites": 1,
    "tests": 10,
    "passes": 10,
    "pending": 0,
    "failures": 0,
    "start": "2024-03-10T11:03:04.319Z",
    "end": "2024-03-10T11:03:19.993Z",
    "duration": 15674,
    "testsRegistered": 10,
    "passPercent": 100,
    "pendingPercent": 0,
    "other": 0,
    "hasOther": false,
    "skipped": 0,
    "hasSkipped": false
  },
  "results": [
    {
      "uuid": "c7459c3b-1e4a-457d-b8ae-505d31ab4bf1",
      "title": "",
      "fullFile": "cypress/integration/quidax/Forms.js",
      "file": "cypress/integration/quidax/Forms.js",
      "beforeHooks": [],
      "afterHooks": [],
      "tests": [],
      "suites": [
        {
          "uuid": "7513104c-0033-4437-9cfa-afef1f9b25f2",
          "title": "Input Form",
          "fullFile": "",
          "file": "",
          "beforeHooks": [],
          "afterHooks": [],
          "tests": [
            {
              "title": "Single input field: IF_002: Verify input field is editable",
              "fullTitle": "Input Form Single input field: IF_002: Verify input field is editable",
              "timedOut": null,
              "duration": 2870,
              "state": "passed",
              "speed": "fast",
              "pass": true,
              "fail": false,
              "pending": false,
              "context": null,
              "code": "landingPage.home();\nlandingPage.expandInputForm().click();\nlandingPage.openSimpleFormDemo().click();\nsimpleFormPage.singleFormInputField().should('not.have.attr', 'disabled');",
              "err": {},
              "uuid": "59e6d23e-ef34-40a3-aa0f-114fd16a9f4a",
              "parentUUID": "7513104c-0033-4437-9cfa-afef1f9b25f2",
              "isHook": false,
              "skipped": false
            },
            {
              "title": "Single input field: IF_003: Verify data displayed when the 'show message' button is clicked, matches data entered in the input field",
              "fullTitle": "Input Form Single input field: IF_003: Verify data displayed when the 'show message' button is clicked, matches data entered in the input field",
              "timedOut": null,
              "duration": 1094,
              "state": "passed",
              "speed": "fast",
              "pass": true,
              "fail": false,
              "pending": false,
              "context": null,
              "code": "landingPage.home();\nlandingPage.expandInputForm().click();\nlandingPage.openSimpleFormDemo().click();\nsimpleFormPage.singleFormInputField().type(\"Quidax\");\nsimpleFormPage.showMessageButton().click();\nsimpleFormPage.displayedMessage().invoke(\"text\").should(\"eq\", \"Quidax\");",
              "err": {},
              "uuid": "817253d3-39a1-4b3c-843e-f7d0db71dd2b",
              "parentUUID": "7513104c-0033-4437-9cfa-afef1f9b25f2",
              "isHook": false,
              "skipped": false
            },
            {
              "title": "Multiple input field: IF_005: Verify system returns a clear message when user enters alphabets or special characters, and clicks the 'get Total' button",
              "fullTitle": "Input Form Multiple input field: IF_005: Verify system returns a clear message when user enters alphabets or special characters, and clicks the 'get Total' button",
              "timedOut": null,
              "duration": 1169,
              "state": "passed",
              "speed": "fast",
              "pass": true,
              "fail": false,
              "pending": false,
              "context": null,
              "code": "landingPage.home();\nlandingPage.expandInputForm().click();\nlandingPage.openSimpleFormDemo().click();\nsimpleFormPage.firstMultipleFormInputField().type(\"E\");\nsimpleFormPage.secondMultipleFormInputField().type(\"$\");\nsimpleFormPage.getTotalButton().click();\nsimpleFormPage.totalValue().invoke(\"text\").should(\"eq\", \"NaN\");",
              "err": {},
              "uuid": "7adf1fb6-97aa-4525-bd0d-e20d7ed3bca9",
              "parentUUID": "7513104c-0033-4437-9cfa-afef1f9b25f2",
              "isHook": false,
              "skipped": false
            },
            {
              "title": "Multiple input field: IF_007: Verify system returns accurate value when user enters negative values and clicks the 'Get Total' button",
              "fullTitle": "Input Form Multiple input field: IF_007: Verify system returns accurate value when user enters negative values and clicks the 'Get Total' button",
              "timedOut": null,
              "duration": 1200,
              "state": "passed",
              "speed": "fast",
              "pass": true,
              "fail": false,
              "pending": false,
              "context": null,
              "code": "landingPage.home();\nlandingPage.expandInputForm().click();\nlandingPage.openSimpleFormDemo().click();\nsimpleFormPage.firstMultipleFormInputField().type(\"-5\");\nsimpleFormPage.secondMultipleFormInputField().type(\"-7\");\nsimpleFormPage.getTotalButton().click();\nsimpleFormPage.totalValue().invoke(\"text\").should(\"eq\", \"-12\");",
              "err": {},
              "uuid": "678fa534-05c2-428e-85ba-5722987b1c13",
              "parentUUID": "7513104c-0033-4437-9cfa-afef1f9b25f2",
              "isHook": false,
              "skipped": false
            },
            {
              "title": "Select List Demo: IF_010: Verify the default option displayed is 'please select'",
              "fullTitle": "Input Form Select List Demo: IF_010: Verify the default option displayed is 'please select'",
              "timedOut": null,
              "duration": 1068,
              "state": "passed",
              "speed": "fast",
              "pass": true,
              "fail": false,
              "pending": false,
              "context": null,
              "code": "landingPage.home();\nlandingPage.expandInputForm().click();\nlandingPage.openSelectDropdownList().click();\ndropdownListPage.defaultOption().should('have.text', 'Please select');",
              "err": {},
              "uuid": "8513b32f-e339-4322-9d09-954982804d79",
              "parentUUID": "7513104c-0033-4437-9cfa-afef1f9b25f2",
              "isHook": false,
              "skipped": false
            },
            {
              "title": "Select List Demo: IF_011: Verify user can only select one option from the dropdown",
              "fullTitle": "Input Form Select List Demo: IF_011: Verify user can only select one option from the dropdown",
              "timedOut": null,
              "duration": 1077,
              "state": "passed",
              "speed": "fast",
              "pass": true,
              "fail": false,
              "pending": false,
              "context": null,
              "code": "landingPage.home();\nlandingPage.expandInputForm().click();\nlandingPage.openSelectDropdownList().click();\ndropdownListPage.clickDropdown().select(\"Monday\");\ndropdownListPage.clickDropdown().select(\"Tuesday\");\ndropdownListPage.displaySelectedDay().invoke(\"text\").should(\"eq\", \"Day selected :- Tuesday\");",
              "err": {},
              "uuid": "5bdb97ff-cd12-491b-be6f-40bfca9ee56c",
              "parentUUID": "7513104c-0033-4437-9cfa-afef1f9b25f2",
              "isHook": false,
              "skipped": false
            },
            {
              "title": "Select List Demo: IF_012: Verify the selected option displays correctly",
              "fullTitle": "Input Form Select List Demo: IF_012: Verify the selected option displays correctly",
              "timedOut": null,
              "duration": 1869,
              "state": "passed",
              "speed": "fast",
              "pass": true,
              "fail": false,
              "pending": false,
              "context": null,
              "code": "landingPage.home();\nlandingPage.expandInputForm().click();\nlandingPage.openSelectDropdownList().click();\ndropdownListPage.clickDropdown().select(\"Wednesday\");\ndropdownListPage.displaySelectedDay().invoke(\"text\").should(\"eq\", \"Day selected :- Wednesday\");",
              "err": {},
              "uuid": "f5c94e4e-b07f-48b9-b734-a0dd47d9c204",
              "parentUUID": "7513104c-0033-4437-9cfa-afef1f9b25f2",
              "isHook": false,
              "skipped": false
            },
            {
              "title": "Multi Select List Demo: IF_013: Verify user can select an option from the multi-select list",
              "fullTitle": "Input Form Multi Select List Demo: IF_013: Verify user can select an option from the multi-select list",
              "timedOut": null,
              "duration": 1131,
              "state": "passed",
              "speed": "fast",
              "pass": true,
              "fail": false,
              "pending": false,
              "context": null,
              "code": "landingPage.home();\nlandingPage.expandInputForm().click();\nlandingPage.openSelectDropdownList().click();\ndropdownListPage.multiSelectOptions().select(\"Florida\");\ndropdownListPage.optionFlorida().should('have.css', 'background-color', 'rgb(179, 215, 255)');",
              "err": {},
              "uuid": "433d03d5-f660-4704-9f29-62daa9f6e46c",
              "parentUUID": "7513104c-0033-4437-9cfa-afef1f9b25f2",
              "isHook": false,
              "skipped": false
            },
            {
              "title": "Multi Select List Demo: IF_015: Verify the first selected option is returned when a user selects an option and clicks the 'First Selected' button",
              "fullTitle": "Input Form Multi Select List Demo: IF_015: Verify the first selected option is returned when a user selects an option and clicks the 'First Selected' button",
              "timedOut": null,
              "duration": 1482,
              "state": "passed",
              "speed": "fast",
              "pass": true,
              "fail": false,
              "pending": false,
              "context": null,
              "code": "landingPage.home();\nlandingPage.expandInputForm().click();\nlandingPage.openSelectDropdownList().click();\ndropdownListPage.multiSelectOptions().select(\"Texas\");\ndropdownListPage.firstSelectedButton().click();\ndropdownListPage.getAllSelectedOptions().invoke(\"text\").should(\"eq\", \"First selected option is : Texas\");",
              "err": {},
              "uuid": "1449c179-51c0-4cc0-8169-5b8356a8a3cf",
              "parentUUID": "7513104c-0033-4437-9cfa-afef1f9b25f2",
              "isHook": false,
              "skipped": false
            },
            {
              "title": "Multi Select List Demo: IF_017: Verify the selected option is returned when a user selects an option and clicks the 'Get All Selected' button",
              "fullTitle": "Input Form Multi Select List Demo: IF_017: Verify the selected option is returned when a user selects an option and clicks the 'Get All Selected' button",
              "timedOut": null,
              "duration": 1403,
              "state": "passed",
              "speed": "fast",
              "pass": true,
              "fail": false,
              "pending": false,
              "context": null,
              "code": "landingPage.home();\nlandingPage.expandInputForm().click();\nlandingPage.openSelectDropdownList().click();\ndropdownListPage.multiSelectOptions().select(\"Texas\");\ndropdownListPage.getAllSelectedButton().click();\ndropdownListPage.getAllSelectedOptions().invoke(\"text\").should(\"eq\", \"Options selected are : Texas\");",
              "err": {},
              "uuid": "2ab9b761-9359-478b-80c3-6db099efa35e",
              "parentUUID": "7513104c-0033-4437-9cfa-afef1f9b25f2",
              "isHook": false,
              "skipped": false
            }
          ],
          "suites": [],
          "passes": [
            "59e6d23e-ef34-40a3-aa0f-114fd16a9f4a",
            "817253d3-39a1-4b3c-843e-f7d0db71dd2b",
            "7adf1fb6-97aa-4525-bd0d-e20d7ed3bca9",
            "678fa534-05c2-428e-85ba-5722987b1c13",
            "8513b32f-e339-4322-9d09-954982804d79",
            "5bdb97ff-cd12-491b-be6f-40bfca9ee56c",
            "f5c94e4e-b07f-48b9-b734-a0dd47d9c204",
            "433d03d5-f660-4704-9f29-62daa9f6e46c",
            "1449c179-51c0-4cc0-8169-5b8356a8a3cf",
            "2ab9b761-9359-478b-80c3-6db099efa35e"
          ],
          "failures": [],
          "pending": [],
          "skipped": [],
          "duration": 14363,
          "root": false,
          "rootEmpty": false,
          "_timeout": 2000
        }
      ],
      "passes": [],
      "failures": [],
      "pending": [],
      "skipped": [],
      "duration": 0,
      "root": true,
      "rootEmpty": true,
      "_timeout": 2000
    }
  ],
  "meta": {
    "mocha": {
      "version": "7.0.1"
    },
    "mochawesome": {
      "options": {
        "quiet": false,
        "reportFilename": "mochawesome",
        "saveHtml": false,
        "saveJson": true,
        "consoleReporter": "spec",
        "useInlineDiffs": false,
        "code": true
      },
      "version": "7.1.3"
    },
    "marge": {
      "options": {
        "overwrite": false,
        "html": false,
        "json": true,
        "reportDir": "cypress/reports/html/.jsons"
      },
      "version": "6.2.0"
    }
  }
}